-------------------------------------------------------------------------------
Test set: TestSuite
-------------------------------------------------------------------------------
Tests run: 1, Failures: 1, Errors: 0, Skipped: 0, Time elapsed: 7.306 s <<< FAILURE! - in TestSuite
clickOnBagsCategory(UserJourneyTest)  Time elapsed: 2.34 s  <<< FAILURE!
java.lang.AssertionError: expected [2] but found [21]
	at UserJourneyTest.clickOnBagsCategory(UserJourneyTest.java:25)

